[     128ms] [LOG] [Fast Refresh] rebuilding @ http://localhost:3000/_next/static/chunks/node_modules_next_dist_115brz8._.js:2431
[     320ms] [LOG] [Fast Refresh] done in 305ms @ http://localhost:3000/_next/static/chunks/node_modules_next_dist_115brz8._.js:2431
[     475ms] [INFO] %cDownload the React DevTools for a better development experience: https://react.dev/link/react-devtools font-weight:bold @ http://localhost:3000/_next/static/chunks/node_modules_next_dist_115brz8._.js:2431
[     502ms] [LOG] [HMR] connected @ http://localhost:3000/_next/static/chunks/node_modules_next_dist_115brz8._.js:2431
[     666ms] [ERROR] A tree hydrated but some attributes of the server rendered HTML didn't match the client properties. This won't be patched up. This can happen if a SSR-ed Client Component used:

- A server/client branch `if (typeof window !== 'undefined')`.
- Variable input such as `Date.now()` or `Math.random()` which changes each time it's called.
- Date formatting in a user's locale which doesn't match the server.
- External changing data without sending a snapshot of it along with the HTML.
- Invalid HTML tag nesting.

It can also happen if the client has a browser extension installed which messes with the HTML before React loaded.

%s%s https://react.dev/link/hydration-mismatch 

  ...
    <SegmentViewNode type="page" pagePath="page.tsx">
      <SegmentTrieNode>
      <Home>
        <header>
        <main className="relative o...">
          <HeroSection>
          <section>
          <section>
          <section>
          <section>
          <ClosingSection>
            <section>
            <section id="lead-form" className="scroll-mt-...">
              <div className="page-shell...">
                <Reveal>
                <Reveal delay={0.12}>
                  <motion.div initial={{opacity:0,y:24}} whileInView={{opacity:1,y:0}} viewport={{once:true, ...}} ...>
                    <div style={{opacity:0, ...}} ref={function useMotionRef.useCallback}>
                      <LeadForm>
                        <form className="section-pl..." onSubmit={function onSubmit}>
                          <div>
                          <div className="relative">
                            <p>
                            <h3>
                            <p>
                            <div className="mt-8 grid ...">
                              <Field label="Имя" name="name" placeholder="Например, ..." required={true}>
                                <div className="space-y-2">
                                  <label>
                                  <input
                                    id="name"
                                    name="name"
                                    required={true}
                                    placeholder="Например, Антон"
                                    className="form-field"
-                                   style={{caret-color:"transparent"}}
                                  >
                              <Field label="Компания" name="company" placeholder="Название к..." required={true}>
                                <div className="space-y-2">
                                  <label>
                                  <input
                                    id="company"
                                    name="company"
                                    required={true}
                                    placeholder="Название компании"
                                    className="form-field"
-                                   style={{caret-color:"transparent"}}
                                  >
                              <Field label="Контакт" name="contact" placeholder="Email, тел..." required={true}>
                                <div className="space-y-2">
                                  <label>
                                  <input
                                    id="contact"
                                    name="contact"
                                    required={true}
                                    placeholder="Email, телефон или Telegram"
                                    className="form-field"
-                                   style={{caret-color:"transparent"}}
                                  >
                              <div className="space-y-3 ...">
                                <span>
                                <div className="grid gap-2...">
                                  <label className="cursor-poi...">
                                    <input
                                      type="radio"
                                      name="deliveryModel"
                                      value="cloud"
                                      defaultChecked={true}
                                      className="peer sr-only"
-                                     style={{caret-color:"transparent"}}
                                    >
                                    ...
                                  <label className="cursor-poi...">
                                    <input
                                      type="radio"
                                      name="deliveryModel"
                                      value="on-prem"
                                      defaultChecked={false}
                                      className="peer sr-only"
-                                     style={{caret-color:"transparent"}}
                                    >
                                    ...
                                  <label className="cursor-poi...">
                                    <input
                                      type="radio"
                                      name="deliveryModel"
                                      value="hybrid"
                                      defaultChecked={false}
                                      className="peer sr-only"
-                                     style={{caret-color:"transparent"}}
                                    >
                                    ...
                              <div className="space-y-2 ...">
                                <label>
                                <textarea
                                  id="message"
                                  name="message"
                                  rows={6}
                                  className="form-field resize-none"
                                  placeholder="Например: внутренний поиск по базе знаний, сервис-деск, документы, конт..."
-                                 style={{caret-color:"transparent"}}
                                >
                            ...
              ...
 @ http://localhost:3000/_next/static/chunks/node_modules_next_dist_115brz8._.js:3272
[     810ms] [LOG] [Fast Refresh] rebuilding @ http://localhost:3000/_next/static/chunks/node_modules_next_dist_115brz8._.js:2431
[     812ms] [LOG] [Fast Refresh] done in 116ms @ http://localhost:3000/_next/static/chunks/node_modules_next_dist_115brz8._.js:2431
[  161632ms] [LOG] [Fast Refresh] rebuilding @ http://localhost:3000/_next/static/chunks/node_modules_next_dist_115brz8._.js:2431
[  161866ms] [ERROR] ./src/app/page.tsx:4:1
Module not found: Can't resolve '@/components/landing/sections/hero-section'
  2 | import { ArchitecturePricingSection } from "@/components/landing/sections/architecture-pric...
  3 | import { ClosingSection } from "@/components/landing/sections/closing-section";
> 4 | import { HeroSection } from "@/components/landing/sections/hero-section";
    | ^^^^^^^^^^^^^^^^^^^^^^^^^^^^^^^^^^^^^^^^^^^^^^^^^^^^^^^^^^^^^^^^^^^^^^^^^
  5 | import { PlatformSecuritySection } from "@/components/landing/sections/platform-security-se...
  6 | import { TrustPainSection } from "@/components/landing/sections/trust-pain-section";
  7 | import { UseCasesSection } from "@/components/landing/sections/use-cases-section";

Import map: aliased to relative './src/components/landing/sections/hero-section' inside of [project]/

https://nextjs.org/docs/messages/module-not-found @ http://localhost:3000/_next/static/chunks/node_modules_next_dist_115brz8._.js:3272
[  162023ms] [LOG] [Fast Refresh] rebuilding @ http://localhost:3000/_next/static/chunks/node_modules_next_dist_115brz8._.js:2431
[  162129ms] [ERROR] ./src/app/page.tsx:4:1
Module not found: Can't resolve '@/components/landing/sections/hero-section'
  2 | import { ArchitecturePricingSection } from "@/components/landing/sections/architecture-pric...
  3 | import { ClosingSection } from "@/components/landing/sections/closing-section";
> 4 | import { HeroSection } from "@/components/landing/sections/hero-section";
    | ^^^^^^^^^^^^^^^^^^^^^^^^^^^^^^^^^^^^^^^^^^^^^^^^^^^^^^^^^^^^^^^^^^^^^^^^^
  5 | import { PlatformSecuritySection } from "@/components/landing/sections/platform-security-se...
  6 | import { TrustPainSection } from "@/components/landing/sections/trust-pain-section";
  7 | import { UseCasesSection } from "@/components/landing/sections/use-cases-section";

Import map: aliased to relative './src/components/landing/sections/hero-section' inside of [project]/

https://nextjs.org/docs/messages/module-not-found @ http://localhost:3000/_next/static/chunks/node_modules_next_dist_115brz8._.js:3272
[  162241ms] [LOG] [Fast Refresh] rebuilding @ http://localhost:3000/_next/static/chunks/node_modules_next_dist_115brz8._.js:2431
[  162344ms] [ERROR] ./src/app/page.tsx:4:1
Module not found: Can't resolve '@/components/landing/sections/hero-section'
  2 | import { ArchitecturePricingSection } from "@/components/landing/sections/architecture-pric...
  3 | import { ClosingSection } from "@/components/landing/sections/closing-section";
> 4 | import { HeroSection } from "@/components/landing/sections/hero-section";
    | ^^^^^^^^^^^^^^^^^^^^^^^^^^^^^^^^^^^^^^^^^^^^^^^^^^^^^^^^^^^^^^^^^^^^^^^^^
  5 | import { PlatformSecuritySection } from "@/components/landing/sections/platform-security-se...
  6 | import { TrustPainSection } from "@/components/landing/sections/trust-pain-section";
  7 | import { UseCasesSection } from "@/components/landing/sections/use-cases-section";

Import map: aliased to relative './src/components/landing/sections/hero-section' inside of [project]/

https://nextjs.org/docs/messages/module-not-found @ http://localhost:3000/_next/static/chunks/node_modules_next_dist_115brz8._.js:3272
[  162370ms] [ERROR] Failed to load resource: the server responded with a status of 500 (Internal Server Error) @ http://localhost:3000/?_rsc=wnywt:0
[  162399ms] [ERROR] Failed to load resource: the server responded with a status of 500 (Internal Server Error) @ http://localhost:3000/?_rsc=wnywt:0
[  162439ms] [ERROR] Failed to load resource: the server responded with a status of 500 (Internal Server Error) @ http://localhost:3000/:0
[  162589ms] [INFO] %cDownload the React DevTools for a better development experience: https://react.dev/link/react-devtools font-weight:bold @ http://localhost:3000/_next/static/chunks/node_modules_react-dom_0bruynb._.js:15305
[  162669ms] Error: ./src/app/page.tsx:4:1
Module not found: Can't resolve '@/components/landing/sections/hero-section'
  2 | import { ArchitecturePricingSection } from "@/components/landing/sections/architecture-pric...
  3 | import { ClosingSection } from "@/components/landing/sections/closing-section";
> 4 | import { HeroSection } from "@/components/landing/sections/hero-section";
    | ^^^^^^^^^^^^^^^^^^^^^^^^^^^^^^^^^^^^^^^^^^^^^^^^^^^^^^^^^^^^^^^^^^^^^^^^^
  5 | import { PlatformSecuritySection } from "@/components/landing/sections/platform-security-se...
  6 | import { TrustPainSection } from "@/components/landing/sections/trust-pain-section";
  7 | import { UseCasesSection } from "@/components/landing/sections/use-cases-section";

Import map: aliased to relative './src/components/landing/sections/hero-section' inside of [project]/


https://nextjs.org/docs/messages/module-not-found


    at <unknown> (Error: ./src/app/page.tsx:4:1)
    at <unknown> (https://nextjs.org/docs/messages/module-not-found)
    at Object.getCompilationErrors (file://C:\repositories\unica-promo\node_modules\next\dist\server\dev\hot-reloader-turbopack.js:1186:59)
    at DevBundlerService.getCompilationError (file://C:\repositories\unica-promo\node_modules\next\dist\server\lib\dev-bundler-service.js:44:55)
    at DevServer.getCompilationError (file://C:\repositories\unica-promo\node_modules\next\dist\server\dev\next-dev-server.js:719:42)
    at DevServer.findPageComponents (file://C:\repositories\unica-promo\node_modules\next\dist\server\dev\next-dev-server.js:689:43)
    at async DevServer.renderErrorToResponseImpl (file://C:\repositories\unica-promo\node_modules\next\dist\server\base-server.js:1745:26)
[  162670ms] [LOG] [HMR] connected @ http://localhost:3000/_next/static/chunks/node_modules_next_dist_0u_w_5s._.js:1226
[  162708ms] [ERROR] ./src/app/page.tsx:4:1
Module not found: Can't resolve '@/components/landing/sections/hero-section'
  2 | import { ArchitecturePricingSection } from "@/components/landing/sections/architecture-pric...
  3 | import { ClosingSection } from "@/components/landing/sections/closing-section";
> 4 | import { HeroSection } from "@/components/landing/sections/hero-section";
    | ^^^^^^^^^^^^^^^^^^^^^^^^^^^^^^^^^^^^^^^^^^^^^^^^^^^^^^^^^^^^^^^^^^^^^^^^^
  5 | import { PlatformSecuritySection } from "@/components/landing/sections/platform-security-se...
  6 | import { TrustPainSection } from "@/components/landing/sections/trust-pain-section";
  7 | import { UseCasesSection } from "@/components/landing/sections/use-cases-section";

Import map: aliased to relative './src/components/landing/sections/hero-section' inside of [project]/

https://nextjs.org/docs/messages/module-not-found @ http://localhost:3000/_next/static/chunks/node_modules_next_dist_0u_w_5s._.js:1945
[  162756ms] [ERROR] ./src/app/page.tsx:4:1
Module not found: Can't resolve '@/components/landing/sections/hero-section'
  2 | import { ArchitecturePricingSection } from "@/components/landing/sections/architecture-pric...
  3 | import { ClosingSection } from "@/components/landing/sections/closing-section";
> 4 | import { HeroSection } from "@/components/landing/sections/hero-section";
    | ^^^^^^^^^^^^^^^^^^^^^^^^^^^^^^^^^^^^^^^^^^^^^^^^^^^^^^^^^^^^^^^^^^^^^^^^^
  5 | import { PlatformSecuritySection } from "@/components/landing/sections/platform-security-se...
  6 | import { TrustPainSection } from "@/components/landing/sections/trust-pain-section";
  7 | import { UseCasesSection } from "@/components/landing/sections/use-cases-section";

Import map: aliased to relative './src/components/landing/sections/hero-section' inside of [project]/

https://nextjs.org/docs/messages/module-not-found @ http://localhost:3000/_next/static/chunks/node_modules_next_dist_0u_w_5s._.js:1945
[  162788ms] [ERROR] ./src/app/page.tsx:4:1
Module not found: Can't resolve '@/components/landing/sections/hero-section'
  2 | import { ArchitecturePricingSection } from "@/components/landing/sections/architecture-pric...
  3 | import { ClosingSection } from "@/components/landing/sections/closing-section";
> 4 | import { HeroSection } from "@/components/landing/sections/hero-section";
    | ^^^^^^^^^^^^^^^^^^^^^^^^^^^^^^^^^^^^^^^^^^^^^^^^^^^^^^^^^^^^^^^^^^^^^^^^^
  5 | import { PlatformSecuritySection } from "@/components/landing/sections/platform-security-se...
  6 | import { TrustPainSection } from "@/components/landing/sections/trust-pain-section";
  7 | import { UseCasesSection } from "@/components/landing/sections/use-cases-section";

Import map: aliased to relative './src/components/landing/sections/hero-section' inside of [project]/

https://nextjs.org/docs/messages/module-not-found @ http://localhost:3000/_next/static/chunks/node_modules_next_dist_0u_w_5s._.js:1945
[  162866ms] [LOG] [Fast Refresh] rebuilding @ http://localhost:3000/_next/static/chunks/node_modules_next_dist_0u_w_5s._.js:1226
[  249928ms] [LOG] [Fast Refresh] rebuilding @ http://localhost:3000/_next/static/chunks/node_modules_next_dist_0u_w_5s._.js:1226
[  250083ms] [LOG] [Fast Refresh] done in 258ms @ http://localhost:3000/_next/static/chunks/node_modules_next_dist_0u_w_5s._.js:1226
[  250210ms] [LOG] [Fast Refresh] rebuilding @ http://localhost:3000/_next/static/chunks/node_modules_next_dist_0u_w_5s._.js:1226
[  250405ms] [LOG] [Fast Refresh] done in 295ms @ http://localhost:3000/_next/static/chunks/node_modules_next_dist_0u_w_5s._.js:1226
[  250576ms] [INFO] %cDownload the React DevTools for a better development experience: https://react.dev/link/react-devtools font-weight:bold @ http://localhost:3000/_next/static/chunks/node_modules_next_dist_115brz8._.js:2431
[  250606ms] [LOG] [HMR] connected @ http://localhost:3000/_next/static/chunks/node_modules_next_dist_115brz8._.js:2431
[  288637ms] [LOG] [Fast Refresh] rebuilding @ http://localhost:3000/_next/static/chunks/node_modules_next_dist_115brz8._.js:2431
[  288723ms] [LOG] [Fast Refresh] done in 188ms @ http://localhost:3000/_next/static/chunks/node_modules_next_dist_115brz8._.js:2431
